[sites.google.com/view/crumblies-docs/homee486.html]
[backblue.gif]
[fade.gif]
[index.html]
[sites.google.com/view/crumblies-docs/homefd93.html]
[apis.google.com/js/clientc932.js]
[sites.google.com/view/crumblies-docs/home.html]
[sites.google.com/view/crumblies-docs/docs.html]
[sites.google.com/view/crumblies-docs/docs/policies-guidelines-procedures.html]
[sites.google.com/view/crumblies-docs/docs/policies-guidelines-procedures/behaviour-of-employees.html]
[sites.google.com/view/crumblies-docs/docs/policies-guidelines-procedures/ranking-guidelines.html]
[sites.google.com/view/crumblies-docs/docs/policies-guidelines-procedures/staff-ranks.html]
[sites.google.com/view/crumblies-docs/docs/session-guides.html]
[sites.google.com/view/crumblies-docs/homee486.html]
[sites.google.com/view/crumblies-docs/homefd93.html]
[sites.google.com/view/crumblies-docs/home.html]
[sites.google.com/view/crumblies-docs/docs.html]
[sites.google.com/view/crumblies-docs/docs/policies-guidelines-procedures.html]
[sites.google.com/view/crumblies-docs/docs/policies-guidelines-procedures/behaviour-of-employees.html]
[sites.google.com/view/crumblies-docs/docs/policies-guidelines-procedures/ranking-guidelines.html]
[sites.google.com/view/crumblies-docs/docs/policies-guidelines-procedures/staff-ranks.html]
[sites.google.com/view/crumblies-docs/docs/session-guides.html]
[sites.google.com/view/crumblies-docs/docs/useful-information.html]
[sites.google.com/view/crumblies-docs/docs/useful-information.html]
